<?xml version="1.0" encoding="UTF-8"?>
<coverage generated="1614741164414" clover="3.2.0">
  <project timestamp="1614741164414" name="All files">
    <metrics statements="34" coveredstatements="32" conditionals="6" coveredconditionals="4" methods="16" coveredmethods="14" elements="56" coveredelements="50" complexity="0" loc="34" ncloc="34" packages="1" files="7" classes="7"/>
    <file name="App.js" path="/Users/tesalonfelicien/Desktop/meet/src/App.js">
      <metrics statements="1" coveredstatements="1" conditionals="0" coveredconditionals="0" methods="1" coveredmethods="1"/>
      <line num="8" count="1" type="stmt"/>
    </file>
    <file name="CitySearch.js" path="/Users/tesalonfelicien/Desktop/meet/src/CitySearch.js">
      <metrics statements="11" coveredstatements="11" conditionals="0" coveredconditionals="0" methods="6" coveredmethods="6"/>
      <line num="4" count="1" type="stmt"/>
      <line num="9" count="1" type="stmt"/>
      <line num="10" count="2" type="stmt"/>
      <line num="11" count="2" type="stmt"/>
      <line num="12" count="4" type="stmt"/>
      <line num="14" count="2" type="stmt"/>
      <line num="20" count="1" type="stmt"/>
      <line num="21" count="1" type="stmt"/>
      <line num="27" count="6" type="stmt"/>
      <line num="37" count="6" type="stmt"/>
      <line num="39" count="1" type="stmt"/>
    </file>
    <file name="Event.js" path="/Users/tesalonfelicien/Desktop/meet/src/Event.js">
      <metrics statements="5" coveredstatements="4" conditionals="2" coveredconditionals="1" methods="3" coveredmethods="1"/>
      <line num="4" count="1" type="stmt"/>
      <line num="8" count="1" type="stmt"/>
      <line num="9" count="0" type="stmt"/>
      <line num="15" count="3" type="stmt"/>
      <line num="16" count="3" type="stmt"/>
    </file>
    <file name="EventList.js" path="/Users/tesalonfelicien/Desktop/meet/src/EventList.js">
      <metrics statements="3" coveredstatements="3" conditionals="0" coveredconditionals="0" methods="2" coveredmethods="2"/>
      <line num="8" count="1" type="stmt"/>
      <line num="9" count="1" type="stmt"/>
      <line num="12" count="2" type="stmt"/>
    </file>
    <file name="NumberOfEvents.js" path="/Users/tesalonfelicien/Desktop/meet/src/NumberOfEvents.js">
      <metrics statements="9" coveredstatements="8" conditionals="4" coveredconditionals="3" methods="2" coveredmethods="2"/>
      <line num="4" count="1" type="stmt"/>
      <line num="8" count="1" type="stmt"/>
      <line num="9" count="1" type="stmt"/>
      <line num="10" count="1" type="stmt"/>
      <line num="11" count="1" type="stmt"/>
      <line num="13" count="1" type="cond" truecount="3" falsecount="1"/>
      <line num="14" count="0" type="stmt"/>
      <line num="18" count="1" type="stmt"/>
      <line num="25" count="3" type="stmt"/>
    </file>
    <file name="api.js" path="/Users/tesalonfelicien/Desktop/meet/src/api.js">
      <metrics statements="4" coveredstatements="4" conditionals="0" coveredconditionals="0" methods="2" coveredmethods="2"/>
      <line num="12" count="1" type="stmt"/>
      <line num="13" count="2" type="stmt"/>
      <line num="14" count="1" type="stmt"/>
      <line num="15" count="1" type="stmt"/>
    </file>
    <file name="mock-data.js" path="/Users/tesalonfelicien/Desktop/meet/src/mock-data.js">
      <metrics statements="1" coveredstatements="1" conditionals="0" coveredconditionals="0" methods="0" coveredmethods="0"/>
      <line num="1" count="3" type="stmt"/>
    </file>
  </project>
</coverage>
