{"/Users/tesalonfelicien/Desktop/meet/src/App.js": {"path":"/Users/tesalonfelicien/Desktop/meet/src/App.js","statementMap":{"0":{"start":{"line":8,"column":1},"end":{"line":14,"column":3}}},"fnMap":{"0":{"name":"App","decl":{"start":{"line":7,"column":9},"end":{"line":7,"column":12}},"loc":{"start":{"line":7,"column":15},"end":{"line":15,"column":1}},"line":7}},"branchMap":{},"s":{"0":1},"f":{"0":1},"b":{},"_coverageSchema":"1a1c01bbd47fc00a2c39e90264f33305004495a9","hash":"2c2283298b09f08ac4aa6e431bb1d5aab958ae02"}
,"/Users/tesalonfelicien/Desktop/meet/src/CitySearch.js": {"path":"/Users/tesalonfelicien/Desktop/meet/src/CitySearch.js","statementMap":{"0":{"start":{"line":4,"column":9},"end":{"line":7,"column":2}},"1":{"start":{"line":9,"column":22},"end":{"line":18,"column":2}},"2":{"start":{"line":10,"column":16},"end":{"line":10,"column":34}},"3":{"start":{"line":11,"column":22},"end":{"line":13,"column":4}},"4":{"start":{"line":12,"column":3},"end":{"line":12,"column":67}},"5":{"start":{"line":14,"column":2},"end":{"line":17,"column":5}},"6":{"start":{"line":20,"column":21},"end":{"line":24,"column":2}},"7":{"start":{"line":21,"column":2},"end":{"line":23,"column":5}},"8":{"start":{"line":27,"column":2},"end":{"line":49,"column":4}},"9":{"start":{"line":37,"column":6},"end":{"line":42,"column":11}},"10":{"start":{"line":39,"column":22},"end":{"line":39,"column":56}}},"fnMap":{"0":{"name":"(anonymous_0)","decl":{"start":{"line":9,"column":22},"end":{"line":9,"column":23}},"loc":{"start":{"line":9,"column":33},"end":{"line":18,"column":2}},"line":9},"1":{"name":"(anonymous_1)","decl":{"start":{"line":11,"column":50},"end":{"line":11,"column":51}},"loc":{"start":{"line":11,"column":64},"end":{"line":13,"column":3}},"line":11},"2":{"name":"(anonymous_2)","decl":{"start":{"line":20,"column":21},"end":{"line":20,"column":22}},"loc":{"start":{"line":20,"column":37},"end":{"line":24,"column":2}},"line":20},"3":{"name":"(anonymous_3)","decl":{"start":{"line":26,"column":1},"end":{"line":26,"column":2}},"loc":{"start":{"line":26,"column":10},"end":{"line":50,"column":2}},"line":26},"4":{"name":"(anonymous_4)","decl":{"start":{"line":36,"column":33},"end":{"line":36,"column":34}},"loc":{"start":{"line":37,"column":6},"end":{"line":42,"column":11}},"line":37},"5":{"name":"(anonymous_5)","decl":{"start":{"line":39,"column":16},"end":{"line":39,"column":17}},"loc":{"start":{"line":39,"column":22},"end":{"line":39,"column":56}},"line":39}},"branchMap":{},"s":{"0":1,"1":1,"2":2,"3":2,"4":4,"5":2,"6":1,"7":1,"8":6,"9":6,"10":1},"f":{"0":2,"1":4,"2":1,"3":6,"4":6,"5":1},"b":{},"_coverageSchema":"1a1c01bbd47fc00a2c39e90264f33305004495a9","hash":"01ab69c017dc0355f071edf2105b90fe920013b6"}
,"/Users/tesalonfelicien/Desktop/meet/src/Event.js": {"path":"/Users/tesalonfelicien/Desktop/meet/src/Event.js","statementMap":{"0":{"start":{"line":4,"column":9},"end":{"line":6,"column":2}},"1":{"start":{"line":8,"column":23},"end":{"line":12,"column":2}},"2":{"start":{"line":9,"column":2},"end":{"line":11,"column":6}},"3":{"start":{"line":9,"column":32},"end":{"line":11,"column":3}},"4":{"start":{"line":15,"column":16},"end":{"line":15,"column":32}},"5":{"start":{"line":16,"column":2},"end":{"line":38,"column":4}}},"fnMap":{"0":{"name":"(anonymous_0)","decl":{"start":{"line":8,"column":23},"end":{"line":8,"column":24}},"loc":{"start":{"line":8,"column":29},"end":{"line":12,"column":2}},"line":8},"1":{"name":"(anonymous_1)","decl":{"start":{"line":9,"column":16},"end":{"line":9,"column":17}},"loc":{"start":{"line":9,"column":32},"end":{"line":11,"column":3}},"line":9},"2":{"name":"(anonymous_2)","decl":{"start":{"line":14,"column":1},"end":{"line":14,"column":2}},"loc":{"start":{"line":14,"column":10},"end":{"line":39,"column":2}},"line":14}},"branchMap":{"0":{"loc":{"start":{"line":22,"column":5},"end":{"line":30,"column":5}},"type":"binary-expr","locations":[{"start":{"line":22,"column":5},"end":{"line":22,"column":27}},{"start":{"line":23,"column":5},"end":{"line":29,"column":11}}],"line":22}},"s":{"0":1,"1":1,"2":0,"3":0,"4":3,"5":3},"f":{"0":0,"1":0,"2":3},"b":{"0":[3,0]},"_coverageSchema":"1a1c01bbd47fc00a2c39e90264f33305004495a9","hash":"e41072e0766b20ceba88b59cc4a6af440e8fe085"}
,"/Users/tesalonfelicien/Desktop/meet/src/EventList.js": {"path":"/Users/tesalonfelicien/Desktop/meet/src/EventList.js","statementMap":{"0":{"start":{"line":8,"column":25},"end":{"line":8,"column":35}},"1":{"start":{"line":9,"column":4},"end":{"line":18,"column":6}},"2":{"start":{"line":12,"column":12},"end":{"line":14,"column":21}}},"fnMap":{"0":{"name":"(anonymous_0)","decl":{"start":{"line":7,"column":2},"end":{"line":7,"column":3}},"loc":{"start":{"line":7,"column":11},"end":{"line":19,"column":3}},"line":7},"1":{"name":"(anonymous_1)","decl":{"start":{"line":11,"column":21},"end":{"line":11,"column":22}},"loc":{"start":{"line":12,"column":12},"end":{"line":14,"column":21}},"line":12}},"branchMap":{},"s":{"0":1,"1":1,"2":2},"f":{"0":1,"1":2},"b":{},"_coverageSchema":"1a1c01bbd47fc00a2c39e90264f33305004495a9","hash":"7cf1b787ca8d521307f58396fe09ddf6347c2ce3"}
,"/Users/tesalonfelicien/Desktop/meet/src/NumberOfEvents.js": {"path":"/Users/tesalonfelicien/Desktop/meet/src/NumberOfEvents.js","statementMap":{"0":{"start":{"line":4,"column":9},"end":{"line":6,"column":2}},"1":{"start":{"line":8,"column":15},"end":{"line":22,"column":2}},"2":{"start":{"line":9,"column":16},"end":{"line":9,"column":39}},"3":{"start":{"line":10,"column":2},"end":{"line":10,"column":43}},"4":{"start":{"line":11,"column":2},"end":{"line":11,"column":39}},"5":{"start":{"line":13,"column":2},"end":{"line":21,"column":3}},"6":{"start":{"line":14,"column":3},"end":{"line":16,"column":6}},"7":{"start":{"line":18,"column":3},"end":{"line":20,"column":6}},"8":{"start":{"line":25,"column":2},"end":{"line":35,"column":4}}},"fnMap":{"0":{"name":"(anonymous_0)","decl":{"start":{"line":8,"column":15},"end":{"line":8,"column":16}},"loc":{"start":{"line":8,"column":31},"end":{"line":22,"column":2}},"line":8},"1":{"name":"(anonymous_1)","decl":{"start":{"line":24,"column":1},"end":{"line":24,"column":2}},"loc":{"start":{"line":24,"column":10},"end":{"line":36,"column":2}},"line":24}},"branchMap":{"0":{"loc":{"start":{"line":13,"column":2},"end":{"line":21,"column":3}},"type":"if","locations":[{"start":{"line":13,"column":2},"end":{"line":21,"column":3}},{"start":{"line":13,"column":2},"end":{"line":21,"column":3}}],"line":13},"1":{"loc":{"start":{"line":13,"column":6},"end":{"line":13,"column":28}},"type":"binary-expr","locations":[{"start":{"line":13,"column":6},"end":{"line":13,"column":15}},{"start":{"line":13,"column":19},"end":{"line":13,"column":28}}],"line":13}},"s":{"0":1,"1":1,"2":1,"3":1,"4":1,"5":1,"6":0,"7":1,"8":3},"f":{"0":1,"1":3},"b":{"0":[0,1],"1":[1,1]},"_coverageSchema":"1a1c01bbd47fc00a2c39e90264f33305004495a9","hash":"8f856a2dcbfb63fe6dee80c16cbdd6988aa2cc88"}
,"/Users/tesalonfelicien/Desktop/meet/src/api.js": {"path":"/Users/tesalonfelicien/Desktop/meet/src/api.js","statementMap":{"0":{"start":{"line":12,"column":32},"end":{"line":16,"column":1}},"1":{"start":{"line":13,"column":24},"end":{"line":13,"column":61}},"2":{"start":{"line":13,"column":46},"end":{"line":13,"column":60}},"3":{"start":{"line":14,"column":17},"end":{"line":14,"column":47}},"4":{"start":{"line":15,"column":1},"end":{"line":15,"column":18}}},"fnMap":{"0":{"name":"(anonymous_0)","decl":{"start":{"line":12,"column":32},"end":{"line":12,"column":33}},"loc":{"start":{"line":12,"column":44},"end":{"line":16,"column":1}},"line":12},"1":{"name":"(anonymous_1)","decl":{"start":{"line":13,"column":35},"end":{"line":13,"column":36}},"loc":{"start":{"line":13,"column":46},"end":{"line":13,"column":60}},"line":13}},"branchMap":{},"s":{"0":1,"1":1,"2":2,"3":1,"4":1},"f":{"0":1,"1":2},"b":{},"_coverageSchema":"1a1c01bbd47fc00a2c39e90264f33305004495a9","hash":"c5aa86d9e503707a622a7e47c26af2ddeea1d92b"}
,"/Users/tesalonfelicien/Desktop/meet/src/mock-data.js": {"path":"/Users/tesalonfelicien/Desktop/meet/src/mock-data.js","statementMap":{"0":{"start":{"line":1,"column":17},"end":{"line":82,"column":1}}},"fnMap":{},"branchMap":{},"s":{"0":3},"f":{},"b":{},"_coverageSchema":"1a1c01bbd47fc00a2c39e90264f33305004495a9","hash":"54f562391001ba516313b1ea0cf0ed4b0c3b3294"}
}
